Analysis & Synthesis report for alien
Fri Jan 24 14:37:06 2020
Quartus Prime Version 18.0.0 Build 614 04/24/2018 SJ Lite Edition


---------------------
; Table of Contents ;
---------------------
  1. Legal Notice
  2. Analysis & Synthesis Summary
  3. Analysis & Synthesis Settings
  4. Parallel Compilation
  5. Analysis & Synthesis Source Files Read
  6. Analysis & Synthesis Resource Usage Summary
  7. Analysis & Synthesis Resource Utilization by Entity
  8. State Machine - |alien|MSS:inst13|y
  9. Registers Removed During Synthesis
 10. General Register Statistics
 11. Inverted Register Statistics
 12. Multiplexer Restructuring Statistics (Restructuring Performed)
 13. Post-Synthesis Netlist Statistics for Top Partition
 14. Elapsed Time Per Partition
 15. Analysis & Synthesis Messages



----------------
; Legal Notice ;
----------------
Copyright (C) 2018  Intel Corporation. All rights reserved.
Your use of Intel Corporation's design tools, logic functions 
and other software and tools, and its AMPP partner logic 
functions, and any output files from any of the foregoing 
(including device programming or simulation files), and any 
associated documentation or information are expressly subject 
to the terms and conditions of the Intel Program License 
Subscription Agreement, the Intel Quartus Prime License Agreement,
the Intel FPGA IP License Agreement, or other applicable license
agreement, including, without limitation, that your use is for
the sole purpose of programming logic devices manufactured by
Intel and sold by Intel or its authorized distributors.  Please
refer to the applicable agreement for further details.



+----------------------------------------------------------------------------------+
; Analysis & Synthesis Summary                                                     ;
+------------------------------------+---------------------------------------------+
; Analysis & Synthesis Status        ; Successful - Fri Jan 24 14:37:06 2020       ;
; Quartus Prime Version              ; 18.0.0 Build 614 04/24/2018 SJ Lite Edition ;
; Revision Name                      ; alien                                       ;
; Top-level Entity Name              ; alien                                       ;
; Family                             ; Cyclone IV E                                ;
; Total logic elements               ; 474                                         ;
;     Total combinational functions  ; 453                                         ;
;     Dedicated logic registers      ; 213                                         ;
; Total registers                    ; 213                                         ;
; Total pins                         ; 24                                          ;
; Total virtual pins                 ; 0                                           ;
; Total memory bits                  ; 0                                           ;
; Embedded Multiplier 9-bit elements ; 0                                           ;
; Total PLLs                         ; 0                                           ;
+------------------------------------+---------------------------------------------+


+------------------------------------------------------------------------------------------------------------+
; Analysis & Synthesis Settings                                                                              ;
+------------------------------------------------------------------+--------------------+--------------------+
; Option                                                           ; Setting            ; Default Value      ;
+------------------------------------------------------------------+--------------------+--------------------+
; Device                                                           ; EP4CE22F17C6       ;                    ;
; Top-level entity name                                            ; alien              ; alien              ;
; Family name                                                      ; Cyclone IV E       ; Cyclone V          ;
; Use smart compilation                                            ; Off                ; Off                ;
; Enable parallel Assembler and Timing Analyzer during compilation ; On                 ; On                 ;
; Enable compact report table                                      ; Off                ; Off                ;
; Restructure Multiplexers                                         ; Auto               ; Auto               ;
; Create Debugging Nodes for IP Cores                              ; Off                ; Off                ;
; Preserve fewer node names                                        ; On                 ; On                 ;
; Intel FPGA IP Evaluation Mode                                    ; Enable             ; Enable             ;
; Verilog Version                                                  ; Verilog_2001       ; Verilog_2001       ;
; VHDL Version                                                     ; VHDL_1993          ; VHDL_1993          ;
; State Machine Processing                                         ; Auto               ; Auto               ;
; Safe State Machine                                               ; Off                ; Off                ;
; Extract Verilog State Machines                                   ; On                 ; On                 ;
; Extract VHDL State Machines                                      ; On                 ; On                 ;
; Ignore Verilog initial constructs                                ; Off                ; Off                ;
; Iteration limit for constant Verilog loops                       ; 5000               ; 5000               ;
; Iteration limit for non-constant Verilog loops                   ; 250                ; 250                ;
; Add Pass-Through Logic to Inferred RAMs                          ; On                 ; On                 ;
; Infer RAMs from Raw Logic                                        ; On                 ; On                 ;
; Parallel Synthesis                                               ; On                 ; On                 ;
; DSP Block Balancing                                              ; Auto               ; Auto               ;
; NOT Gate Push-Back                                               ; On                 ; On                 ;
; Power-Up Don't Care                                              ; On                 ; On                 ;
; Remove Redundant Logic Cells                                     ; Off                ; Off                ;
; Remove Duplicate Registers                                       ; On                 ; On                 ;
; Ignore CARRY Buffers                                             ; Off                ; Off                ;
; Ignore CASCADE Buffers                                           ; Off                ; Off                ;
; Ignore GLOBAL Buffers                                            ; Off                ; Off                ;
; Ignore ROW GLOBAL Buffers                                        ; Off                ; Off                ;
; Ignore LCELL Buffers                                             ; Off                ; Off                ;
; Ignore SOFT Buffers                                              ; On                 ; On                 ;
; Limit AHDL Integers to 32 Bits                                   ; Off                ; Off                ;
; Optimization Technique                                           ; Balanced           ; Balanced           ;
; Carry Chain Length                                               ; 70                 ; 70                 ;
; Auto Carry Chains                                                ; On                 ; On                 ;
; Auto Open-Drain Pins                                             ; On                 ; On                 ;
; Perform WYSIWYG Primitive Resynthesis                            ; Off                ; Off                ;
; Auto ROM Replacement                                             ; On                 ; On                 ;
; Auto RAM Replacement                                             ; On                 ; On                 ;
; Auto DSP Block Replacement                                       ; On                 ; On                 ;
; Auto Shift Register Replacement                                  ; Auto               ; Auto               ;
; Allow Shift Register Merging across Hierarchies                  ; Auto               ; Auto               ;
; Auto Clock Enable Replacement                                    ; On                 ; On                 ;
; Strict RAM Replacement                                           ; Off                ; Off                ;
; Allow Synchronous Control Signals                                ; On                 ; On                 ;
; Force Use of Synchronous Clear Signals                           ; Off                ; Off                ;
; Auto RAM Block Balancing                                         ; On                 ; On                 ;
; Auto RAM to Logic Cell Conversion                                ; Off                ; Off                ;
; Auto Resource Sharing                                            ; Off                ; Off                ;
; Allow Any RAM Size For Recognition                               ; Off                ; Off                ;
; Allow Any ROM Size For Recognition                               ; Off                ; Off                ;
; Allow Any Shift Register Size For Recognition                    ; Off                ; Off                ;
; Use LogicLock Constraints during Resource Balancing              ; On                 ; On                 ;
; Ignore translate_off and synthesis_off directives                ; Off                ; Off                ;
; Timing-Driven Synthesis                                          ; On                 ; On                 ;
; Report Parameter Settings                                        ; On                 ; On                 ;
; Report Source Assignments                                        ; On                 ; On                 ;
; Report Connectivity Checks                                       ; On                 ; On                 ;
; Ignore Maximum Fan-Out Assignments                               ; Off                ; Off                ;
; Synchronization Register Chain Length                            ; 2                  ; 2                  ;
; Power Optimization During Synthesis                              ; Normal compilation ; Normal compilation ;
; HDL message level                                                ; Level2             ; Level2             ;
; Suppress Register Optimization Related Messages                  ; Off                ; Off                ;
; Number of Removed Registers Reported in Synthesis Report         ; 5000               ; 5000               ;
; Number of Swept Nodes Reported in Synthesis Report               ; 5000               ; 5000               ;
; Number of Inverted Registers Reported in Synthesis Report        ; 100                ; 100                ;
; Clock MUX Protection                                             ; On                 ; On                 ;
; Auto Gated Clock Conversion                                      ; Off                ; Off                ;
; Block Design Naming                                              ; Auto               ; Auto               ;
; SDC constraint protection                                        ; Off                ; Off                ;
; Synthesis Effort                                                 ; Auto               ; Auto               ;
; Shift Register Replacement - Allow Asynchronous Clear Signal     ; On                 ; On                 ;
; Pre-Mapping Resynthesis Optimization                             ; Off                ; Off                ;
; Analysis & Synthesis Message Level                               ; Medium             ; Medium             ;
; Disable Register Merging Across Hierarchies                      ; Auto               ; Auto               ;
; Resource Aware Inference For Block RAM                           ; On                 ; On                 ;
+------------------------------------------------------------------+--------------------+--------------------+


+------------------------------------------+
; Parallel Compilation                     ;
+----------------------------+-------------+
; Processors                 ; Number      ;
+----------------------------+-------------+
; Number detected on machine ; 4           ;
; Maximum allowed            ; 2           ;
;                            ;             ;
; Average used               ; 1.00        ;
; Maximum used               ; 2           ;
;                            ;             ;
; Usage by Processor         ; % Time Used ;
;     Processor 1            ; 100.0%      ;
;     Processor 2            ;   0.1%      ;
+----------------------------+-------------+


+---------------------------------------------------------------------------------------------------------------------------------------------------------------------------+
; Analysis & Synthesis Source Files Read                                                                                                                                    ;
+----------------------------------+-----------------+------------------------------------+-----------------------------------------------------------------------+---------+
; File Name with User-Entered Path ; Used in Netlist ; File Type                          ; File Name with Absolute Path                                          ; Library ;
+----------------------------------+-----------------+------------------------------------+-----------------------------------------------------------------------+---------+
; cont10.vhd                       ; yes             ; User VHDL File                     ; C:/Users/Jose/Documents/Quartus/Alien_Mejorado/alien/cont10.vhd       ;         ;
; CLOCK_DIV_50.vhd                 ; yes             ; User VHDL File                     ; C:/Users/Jose/Documents/Quartus/Alien_Mejorado/alien/CLOCK_DIV_50.vhd ;         ;
; ANTIREBOTE.vhd                   ; yes             ; User VHDL File                     ; C:/Users/Jose/Documents/Quartus/Alien_Mejorado/alien/ANTIREBOTE.vhd   ;         ;
; alien.bdf                        ; yes             ; User Block Diagram/Schematic File  ; C:/Users/Jose/Documents/Quartus/Alien_Mejorado/alien/alien.bdf        ;         ;
; MSS.vhd                          ; yes             ; User VHDL File                     ; C:/Users/Jose/Documents/Quartus/Alien_Mejorado/alien/MSS.vhd          ;         ;
; cont3.vhd                        ; yes             ; User VHDL File                     ; C:/Users/Jose/Documents/Quartus/Alien_Mejorado/alien/cont3.vhd        ;         ;
; matrixsalida.vhd                 ; yes             ; User VHDL File                     ; C:/Users/Jose/Documents/Quartus/Alien_Mejorado/alien/matrixsalida.vhd ;         ;
; demora.vhd                       ; yes             ; User VHDL File                     ; C:/Users/Jose/Documents/Quartus/Alien_Mejorado/alien/demora.vhd       ;         ;
; nave.vhd                         ; yes             ; User VHDL File                     ; C:/Users/Jose/Documents/Quartus/Alien_Mejorado/alien/nave.vhd         ;         ;
; frec.vhd                         ; yes             ; User VHDL File                     ; C:/Users/Jose/Documents/Quartus/Alien_Mejorado/alien/frec.vhd         ;         ;
; cuenta.vhd                       ; yes             ; User VHDL File                     ; C:/Users/Jose/Documents/Quartus/Alien_Mejorado/alien/cuenta.vhd       ;         ;
+----------------------------------+-----------------+------------------------------------+-----------------------------------------------------------------------+---------+


+----------------------------------------------------------------------+
; Analysis & Synthesis Resource Usage Summary                          ;
+---------------------------------------------+------------------------+
; Resource                                    ; Usage                  ;
+---------------------------------------------+------------------------+
; Estimated Total logic elements              ; 474                    ;
;                                             ;                        ;
; Total combinational functions               ; 453                    ;
; Logic element usage by number of LUT inputs ;                        ;
;     -- 4 input functions                    ; 311                    ;
;     -- 3 input functions                    ; 71                     ;
;     -- <=2 input functions                  ; 71                     ;
;                                             ;                        ;
; Logic elements by mode                      ;                        ;
;     -- normal mode                          ; 418                    ;
;     -- arithmetic mode                      ; 35                     ;
;                                             ;                        ;
; Total registers                             ; 213                    ;
;     -- Dedicated logic registers            ; 213                    ;
;     -- I/O registers                        ; 0                      ;
;                                             ;                        ;
; I/O pins                                    ; 24                     ;
;                                             ;                        ;
; Embedded Multiplier 9-bit elements          ; 0                      ;
;                                             ;                        ;
; Maximum fan-out node                        ; MSS:inst13|resetnave~0 ;
; Maximum fan-out                             ; 78                     ;
; Total fan-out                               ; 2292                   ;
; Average fan-out                             ; 3.21                   ;
+---------------------------------------------+------------------------+


+--------------------------------------------------------------------------------------------------------------------------------------------------------------------------------------------------------------------+
; Analysis & Synthesis Resource Utilization by Entity                                                                                                                                                                ;
+----------------------------+---------------------+---------------------------+-------------+--------------+---------+-----------+------+--------------+------------------------------+--------------+--------------+
; Compilation Hierarchy Node ; Combinational ALUTs ; Dedicated Logic Registers ; Memory Bits ; DSP Elements ; DSP 9x9 ; DSP 18x18 ; Pins ; Virtual Pins ; Full Hierarchy Name          ; Entity Name  ; Library Name ;
+----------------------------+---------------------+---------------------------+-------------+--------------+---------+-----------+------+--------------+------------------------------+--------------+--------------+
; |alien                     ; 453 (2)             ; 213 (0)                   ; 0           ; 0            ; 0       ; 0         ; 24   ; 0            ; |alien                       ; alien        ; work         ;
;    |ANTIREBOTE:inst125690| ; 2 (2)               ; 5 (5)                     ; 0           ; 0            ; 0       ; 0         ; 0    ; 0            ; |alien|ANTIREBOTE:inst125690 ; ANTIREBOTE   ; work         ;
;    |ANTIREBOTE:inst2|      ; 2 (2)               ; 5 (5)                     ; 0           ; 0            ; 0       ; 0         ; 0    ; 0            ; |alien|ANTIREBOTE:inst2      ; ANTIREBOTE   ; work         ;
;    |ANTIREBOTE:inst4|      ; 2 (2)               ; 5 (5)                     ; 0           ; 0            ; 0       ; 0         ; 0    ; 0            ; |alien|ANTIREBOTE:inst4      ; ANTIREBOTE   ; work         ;
;    |ANTIREBOTE:inst5|      ; 2 (2)               ; 5 (5)                     ; 0           ; 0            ; 0       ; 0         ; 0    ; 0            ; |alien|ANTIREBOTE:inst5      ; ANTIREBOTE   ; work         ;
;    |ANTIREBOTE:inst6|      ; 2 (2)               ; 5 (5)                     ; 0           ; 0            ; 0       ; 0         ; 0    ; 0            ; |alien|ANTIREBOTE:inst6      ; ANTIREBOTE   ; work         ;
;    |CLOCK_DIV_50:inst3|    ; 33 (33)             ; 36 (36)                   ; 0           ; 0            ; 0       ; 0         ; 0    ; 0            ; |alien|CLOCK_DIV_50:inst3    ; CLOCK_DIV_50 ; work         ;
;    |MSS:inst13|            ; 10 (10)             ; 7 (7)                     ; 0           ; 0            ; 0       ; 0         ; 0    ; 0            ; |alien|MSS:inst13            ; MSS          ; work         ;
;    |cont10:inst14|         ; 3 (3)               ; 3 (3)                     ; 0           ; 0            ; 0       ; 0         ; 0    ; 0            ; |alien|cont10:inst14         ; cont10       ; work         ;
;    |cont3:inst181|         ; 5 (5)               ; 5 (5)                     ; 0           ; 0            ; 0       ; 0         ; 0    ; 0            ; |alien|cont3:inst181         ; cont3        ; work         ;
;    |cont3:inst182|         ; 5 (5)               ; 5 (5)                     ; 0           ; 0            ; 0       ; 0         ; 0    ; 0            ; |alien|cont3:inst182         ; cont3        ; work         ;
;    |cuenta:inst19|         ; 8 (8)               ; 8 (8)                     ; 0           ; 0            ; 0       ; 0         ; 0    ; 0            ; |alien|cuenta:inst19         ; cuenta       ; work         ;
;    |demora:inst1|          ; 8 (8)               ; 7 (7)                     ; 0           ; 0            ; 0       ; 0         ; 0    ; 0            ; |alien|demora:inst1          ; demora       ; work         ;
;    |demora:inst7|          ; 8 (8)               ; 7 (7)                     ; 0           ; 0            ; 0       ; 0         ; 0    ; 0            ; |alien|demora:inst7          ; demora       ; work         ;
;    |demora:inst9|          ; 8 (8)               ; 7 (7)                     ; 0           ; 0            ; 0       ; 0         ; 0    ; 0            ; |alien|demora:inst9          ; demora       ; work         ;
;    |frec:inst11|           ; 27 (27)             ; 14 (14)                   ; 0           ; 0            ; 0       ; 0         ; 0    ; 0            ; |alien|frec:inst11           ; frec         ; work         ;
;    |matrixsalida:inst16|   ; 52 (52)             ; 19 (19)                   ; 0           ; 0            ; 0       ; 0         ; 0    ; 0            ; |alien|matrixsalida:inst16   ; matrixsalida ; work         ;
;    |nave:inst17|           ; 274 (274)           ; 70 (70)                   ; 0           ; 0            ; 0       ; 0         ; 0    ; 0            ; |alien|nave:inst17           ; nave         ; work         ;
+----------------------------+---------------------+---------------------------+-------------+--------------+---------+-----------+------+--------------+------------------------------+--------------+--------------+
Note: For table entries with two numbers listed, the numbers in parentheses indicate the number of resources of the given type used by the specific entity alone. The numbers listed outside of parentheses indicate the total resources of the given type used by the specific entity and all of its sub-entities in the hierarchy.


Encoding Type:  One-Hot
+-------------------------------------------------------+
; State Machine - |alien|MSS:inst13|y                   ;
+------+------+------+------+------+------+------+------+
; Name ; y.tg ; y.tf ; y.te ; y.td ; y.tc ; y.tb ; y.ta ;
+------+------+------+------+------+------+------+------+
; y.ta ; 0    ; 0    ; 0    ; 0    ; 0    ; 0    ; 0    ;
; y.tb ; 0    ; 0    ; 0    ; 0    ; 0    ; 1    ; 1    ;
; y.tc ; 0    ; 0    ; 0    ; 0    ; 1    ; 0    ; 1    ;
; y.td ; 0    ; 0    ; 0    ; 1    ; 0    ; 0    ; 1    ;
; y.te ; 0    ; 0    ; 1    ; 0    ; 0    ; 0    ; 1    ;
; y.tf ; 0    ; 1    ; 0    ; 0    ; 0    ; 0    ; 1    ;
; y.tg ; 1    ; 0    ; 0    ; 0    ; 0    ; 0    ; 1    ;
+------+------+------+------+------+------+------+------+


+------------------------------------------------------------------------+
; Registers Removed During Synthesis                                     ;
+---------------------------------------+--------------------------------+
; Register name                         ; Reason for Removal             ;
+---------------------------------------+--------------------------------+
; cont10:inst14|Q[0]                    ; Merged with cont3:inst182|Q[0] ;
; Total Number of Removed Registers = 1 ;                                ;
+---------------------------------------+--------------------------------+


+------------------------------------------------------+
; General Register Statistics                          ;
+----------------------------------------------+-------+
; Statistic                                    ; Value ;
+----------------------------------------------+-------+
; Total registers                              ; 213   ;
; Number of registers using Synchronous Clear  ; 18    ;
; Number of registers using Synchronous Load   ; 6     ;
; Number of registers using Asynchronous Clear ; 136   ;
; Number of registers using Asynchronous Load  ; 0     ;
; Number of registers using Clock Enable       ; 72    ;
; Number of registers using Preset             ; 0     ;
+----------------------------------------------+-------+


+--------------------------------------------------+
; Inverted Register Statistics                     ;
+----------------------------------------+---------+
; Inverted Register                      ; Fan out ;
+----------------------------------------+---------+
; nave:inst17|F5[5]                      ; 9       ;
; nave:inst17|F6[5]                      ; 8       ;
; nave:inst17|F5[4]                      ; 9       ;
; nave:inst17|F6[4]                      ; 8       ;
; nave:inst17|F4[4]                      ; 10      ;
; nave:inst17|F5[3]                      ; 9       ;
; nave:inst17|F6[3]                      ; 8       ;
; nave:inst17|F1[0]                      ; 4       ;
; nave:inst17|movizq                     ; 12      ;
; Total number of inverted registers = 9 ;         ;
+----------------------------------------+---------+


+--------------------------------------------------------------------------------------------------------------------------------------------------+
; Multiplexer Restructuring Statistics (Restructuring Performed)                                                                                   ;
+--------------------+-----------+---------------+----------------------+------------------------+------------+------------------------------------+
; Multiplexer Inputs ; Bus Width ; Baseline Area ; Area if Restructured ; Saving if Restructured ; Registered ; Example Multiplexer Output         ;
+--------------------+-----------+---------------+----------------------+------------------------+------------+------------------------------------+
; 3:1                ; 7 bits    ; 14 LEs        ; 7 LEs                ; 7 LEs                  ; Yes        ; |alien|nave:inst17|F1[5]           ;
; 8:1                ; 8 bits    ; 40 LEs        ; 40 LEs               ; 0 LEs                  ; Yes        ; |alien|matrixsalida:inst16|fila[7] ;
; 4:1                ; 6 bits    ; 12 LEs        ; 12 LEs               ; 0 LEs                  ; Yes        ; |alien|nave:inst17|F2[4]           ;
; 7:1                ; 2 bits    ; 8 LEs         ; 8 LEs                ; 0 LEs                  ; Yes        ; |alien|frec:inst11|buf             ;
+--------------------+-----------+---------------+----------------------+------------------------+------------+------------------------------------+


+-----------------------------------------------------+
; Post-Synthesis Netlist Statistics for Top Partition ;
+-----------------------+-----------------------------+
; Type                  ; Count                       ;
+-----------------------+-----------------------------+
; boundary_port         ; 24                          ;
; cycloneiii_ff         ; 213                         ;
;     CLR               ; 80                          ;
;     ENA               ; 16                          ;
;     ENA CLR           ; 38                          ;
;     ENA CLR SCLR      ; 12                          ;
;     ENA CLR SLD       ; 6                           ;
;     SCLR              ; 6                           ;
;     plain             ; 55                          ;
; cycloneiii_lcell_comb ; 453                         ;
;     arith             ; 35                          ;
;         2 data inputs ; 26                          ;
;         3 data inputs ; 9                           ;
;     normal            ; 418                         ;
;         1 data inputs ; 13                          ;
;         2 data inputs ; 32                          ;
;         3 data inputs ; 62                          ;
;         4 data inputs ; 311                         ;
;                       ;                             ;
; Max LUT depth         ; 6.00                        ;
; Average LUT depth     ; 2.95                        ;
+-----------------------+-----------------------------+


+-------------------------------+
; Elapsed Time Per Partition    ;
+----------------+--------------+
; Partition Name ; Elapsed Time ;
+----------------+--------------+
; Top            ; 00:00:07     ;
+----------------+--------------+


+-------------------------------+
; Analysis & Synthesis Messages ;
+-------------------------------+
Info: *******************************************************************
Info: Running Quartus Prime Analysis & Synthesis
    Info: Version 18.0.0 Build 614 04/24/2018 SJ Lite Edition
    Info: Processing started: Fri Jan 24 14:36:27 2020
Info: Command: quartus_map --read_settings_files=on --write_settings_files=off alien -c alien
Warning (18236): Number of processors has not been specified which may cause overloading on shared machines.  Set the global assignment NUM_PARALLEL_PROCESSORS in your QSF to an appropriate value for best performance.
Info (20030): Parallel compilation is enabled and will use 2 of the 2 processors detected
Info (12021): Found 2 design units, including 1 entities, in source file ram.vhd
    Info (12022): Found design unit 1: ram-sol File: C:/Users/Jose/Documents/Quartus/Alien_Mejorado/alien/ram.vhd Line: 11
    Info (12023): Found entity 1: ram File: C:/Users/Jose/Documents/Quartus/Alien_Mejorado/alien/ram.vhd Line: 5
Info (12021): Found 2 design units, including 1 entities, in source file memoria.vhd
    Info (12022): Found design unit 1: memoria-sol File: C:/Users/Jose/Documents/Quartus/Alien_Mejorado/alien/memoria.vhd Line: 11
    Info (12023): Found entity 1: memoria File: C:/Users/Jose/Documents/Quartus/Alien_Mejorado/alien/memoria.vhd Line: 5
Info (12021): Found 2 design units, including 1 entities, in source file cont10.vhd
    Info (12022): Found design unit 1: cont10-sol File: C:/Users/Jose/Documents/Quartus/Alien_Mejorado/alien/cont10.vhd Line: 11
    Info (12023): Found entity 1: cont10 File: C:/Users/Jose/Documents/Quartus/Alien_Mejorado/alien/cont10.vhd Line: 5
Info (12021): Found 2 design units, including 1 entities, in source file clock_div_50.vhd
    Info (12022): Found design unit 1: CLOCK_DIV_50-a File: C:/Users/Jose/Documents/Quartus/Alien_Mejorado/alien/CLOCK_DIV_50.vhd Line: 18
    Info (12023): Found entity 1: CLOCK_DIV_50 File: C:/Users/Jose/Documents/Quartus/Alien_Mejorado/alien/CLOCK_DIV_50.vhd Line: 6
Info (12021): Found 2 design units, including 1 entities, in source file antirebote.vhd
    Info (12022): Found design unit 1: ANTIREBOTE-a File: C:/Users/Jose/Documents/Quartus/Alien_Mejorado/alien/ANTIREBOTE.vhd Line: 12
    Info (12023): Found entity 1: ANTIREBOTE File: C:/Users/Jose/Documents/Quartus/Alien_Mejorado/alien/ANTIREBOTE.vhd Line: 7
Info (12021): Found 1 design units, including 1 entities, in source file alien.bdf
    Info (12023): Found entity 1: alien
Info (12021): Found 2 design units, including 1 entities, in source file mss.vhd
    Info (12022): Found design unit 1: MSS-sol File: C:/Users/Jose/Documents/Quartus/Alien_Mejorado/alien/MSS.vhd Line: 11
    Info (12023): Found entity 1: MSS File: C:/Users/Jose/Documents/Quartus/Alien_Mejorado/alien/MSS.vhd Line: 6
Info (12021): Found 2 design units, including 1 entities, in source file cont3.vhd
    Info (12022): Found design unit 1: cont3-sol File: C:/Users/Jose/Documents/Quartus/Alien_Mejorado/alien/cont3.vhd Line: 11
    Info (12023): Found entity 1: cont3 File: C:/Users/Jose/Documents/Quartus/Alien_Mejorado/alien/cont3.vhd Line: 5
Info (12021): Found 2 design units, including 1 entities, in source file registro_sostenimiento.vhd
    Info (12022): Found design unit 1: registro_sostenimiento-sol File: C:/Users/Jose/Documents/Quartus/Alien_Mejorado/alien/registro_sostenimiento.vhd Line: 10
    Info (12023): Found entity 1: registro_sostenimiento File: C:/Users/Jose/Documents/Quartus/Alien_Mejorado/alien/registro_sostenimiento.vhd Line: 5
Info (12021): Found 2 design units, including 1 entities, in source file matrixsalida.vhd
    Info (12022): Found design unit 1: matrixsalida-sol File: C:/Users/Jose/Documents/Quartus/Alien_Mejorado/alien/matrixsalida.vhd Line: 13
    Info (12023): Found entity 1: matrixsalida File: C:/Users/Jose/Documents/Quartus/Alien_Mejorado/alien/matrixsalida.vhd Line: 6
Info (12021): Found 2 design units, including 1 entities, in source file demora.vhd
    Info (12022): Found design unit 1: demora-sol File: C:/Users/Jose/Documents/Quartus/Alien_Mejorado/alien/demora.vhd Line: 11
    Info (12023): Found entity 1: demora File: C:/Users/Jose/Documents/Quartus/Alien_Mejorado/alien/demora.vhd Line: 5
Info (12021): Found 2 design units, including 1 entities, in source file nave.vhd
    Info (12022): Found design unit 1: nave-sol File: C:/Users/Jose/Documents/Quartus/Alien_Mejorado/alien/nave.vhd Line: 14
    Info (12023): Found entity 1: nave File: C:/Users/Jose/Documents/Quartus/Alien_Mejorado/alien/nave.vhd Line: 6
Info (12021): Found 2 design units, including 1 entities, in source file frec.vhd
    Info (12022): Found design unit 1: frec-sol File: C:/Users/Jose/Documents/Quartus/Alien_Mejorado/alien/frec.vhd Line: 11
    Info (12023): Found entity 1: frec File: C:/Users/Jose/Documents/Quartus/Alien_Mejorado/alien/frec.vhd Line: 6
Info (12021): Found 2 design units, including 1 entities, in source file cuenta.vhd
    Info (12022): Found design unit 1: cuenta-sol File: C:/Users/Jose/Documents/Quartus/Alien_Mejorado/alien/cuenta.vhd Line: 11
    Info (12023): Found entity 1: cuenta File: C:/Users/Jose/Documents/Quartus/Alien_Mejorado/alien/cuenta.vhd Line: 5
Info (12127): Elaborating entity "alien" for the top level hierarchy
Warning (275080): Converted elements in bus name "fila" using legacy naming rules. Make any assignments on the new names, not on the original names.
    Warning (275081): Converted element name(s) from "fila[7..0]" to "fila7..0"
Warning (275080): Converted elements in bus name "fila1" using legacy naming rules. Make any assignments on the new names, not on the original names.
    Warning (275081): Converted element name(s) from "fila1[7..0]" to "fila17..0"
Warning (275080): Converted elements in bus name "fila2" using legacy naming rules. Make any assignments on the new names, not on the original names.
    Warning (275081): Converted element name(s) from "fila2[7..0]" to "fila27..0"
Warning (275080): Converted elements in bus name "fila3" using legacy naming rules. Make any assignments on the new names, not on the original names.
    Warning (275081): Converted element name(s) from "fila3[7..0]" to "fila37..0"
Warning (275080): Converted elements in bus name "fila4" using legacy naming rules. Make any assignments on the new names, not on the original names.
    Warning (275081): Converted element name(s) from "fila4[7..0]" to "fila47..0"
Warning (275080): Converted elements in bus name "fila5" using legacy naming rules. Make any assignments on the new names, not on the original names.
    Warning (275081): Converted element name(s) from "fila5[7..0]" to "fila57..0"
Warning (275080): Converted elements in bus name "fila6" using legacy naming rules. Make any assignments on the new names, not on the original names.
    Warning (275081): Converted element name(s) from "fila6[7..0]" to "fila67..0"
Warning (275080): Converted elements in bus name "fila7" using legacy naming rules. Make any assignments on the new names, not on the original names.
    Warning (275081): Converted element name(s) from "fila7[7..0]" to "fila77..0"
Info (12128): Elaborating entity "MSS" for hierarchy "MSS:inst13"
Warning (10541): VHDL Signal Declaration warning at MSS.vhd(8): used implicit default value for signal "aumentarclk" because signal was never assigned a value or an explicit default value. Use of implicit default value may introduce unintended design optimizations. File: C:/Users/Jose/Documents/Quartus/Alien_Mejorado/alien/MSS.vhd Line: 8
Info (12128): Elaborating entity "ANTIREBOTE" for hierarchy "ANTIREBOTE:inst4"
Info (12128): Elaborating entity "CLOCK_DIV_50" for hierarchy "CLOCK_DIV_50:inst3"
Info (12128): Elaborating entity "nave" for hierarchy "nave:inst17"
Warning (10036): Verilog HDL or VHDL warning at nave.vhd(15): object "movbala" assigned a value but never read File: C:/Users/Jose/Documents/Quartus/Alien_Mejorado/alien/nave.vhd Line: 15
Warning (10036): Verilog HDL or VHDL warning at nave.vhd(16): object "topesup" assigned a value but never read File: C:/Users/Jose/Documents/Quartus/Alien_Mejorado/alien/nave.vhd Line: 16
Warning (10036): Verilog HDL or VHDL warning at nave.vhd(19): object "I" assigned a value but never read File: C:/Users/Jose/Documents/Quartus/Alien_Mejorado/alien/nave.vhd Line: 19
Warning (10631): VHDL Process Statement warning at nave.vhd(18): inferring latch(es) for signal or variable "pararbala", which holds its previous value in one or more paths through the process File: C:/Users/Jose/Documents/Quartus/Alien_Mejorado/alien/nave.vhd Line: 18
Info (10041): Inferred latch for "pararbala" at nave.vhd(18) File: C:/Users/Jose/Documents/Quartus/Alien_Mejorado/alien/nave.vhd Line: 18
Info (12128): Elaborating entity "frec" for hierarchy "frec:inst11"
Info (12128): Elaborating entity "cont10" for hierarchy "cont10:inst14"
Info (12128): Elaborating entity "demora" for hierarchy "demora:inst9"
Info (12128): Elaborating entity "cuenta" for hierarchy "cuenta:inst19"
Info (12128): Elaborating entity "cont3" for hierarchy "cont3:inst181"
Info (12128): Elaborating entity "matrixsalida" for hierarchy "matrixsalida:inst16"
Info (13000): Registers with preset signals will power-up high File: C:/Users/Jose/Documents/Quartus/Alien_Mejorado/alien/nave.vhd Line: 23
Info (13003): DEV_CLRn pin will set, and not reset, register with preset signal due to NOT Gate Push-Back
Info (286030): Timing-Driven Synthesis is running
Info (16010): Generating hard_block partition "hard_block:auto_generated_inst"
    Info (16011): Adding 0 node(s), including 0 DDIO, 0 PLL, 0 transceiver and 0 LCELL
Info (21057): Implemented 501 device resources after synthesis - the final resource count might be different
    Info (21058): Implemented 6 input pins
    Info (21059): Implemented 18 output pins
    Info (21061): Implemented 477 logic cells
Info: Quartus Prime Analysis & Synthesis was successful. 0 errors, 22 warnings
    Info: Peak virtual memory: 4794 megabytes
    Info: Processing ended: Fri Jan 24 14:37:06 2020
    Info: Elapsed time: 00:00:39
    Info: Total CPU time (on all processors): 00:00:47


